<?xml version="1.0" encoding="UTF-8"?>
<testsuite xmlns:xsi="http://www.w3.org/2001/XMLSchema-instance" xsi:noNamespaceSchemaLocation="https://maven.apache.org/surefire/maven-surefire-plugin/xsd/surefire-test-report.xsd" version="3.0.2" name="TestSuite" time="56.41" tests="6" errors="0" skipped="0" failures="0">
  <properties>
    <property name="java.specification.version" value="17"/>
    <property name="webdriver.chrome.driver" value="C:\Users\CHETHAN REDDY DR\.cache\selenium\chromedriver\win64\133.0.6943.141\chromedriver.exe"/>
    <property name="sun.cpu.isalist" value="amd64"/>
    <property name="sun.jnu.encoding" value="Cp1252"/>
    <property name="java.class.path" value="D:\SeleniumPractice\HealthCare_Cucumber\target\test-classes;D:\SeleniumPractice\HealthCare_Cucumber\target\classes;C:\Users\CHETHAN REDDY DR\.m2\repository\io\cucumber\cucumber-java\7.21.1\cucumber-java-7.21.1.jar;C:\Users\CHETHAN REDDY DR\.m2\repository\io\cucumber\cucumber-core\7.21.1\cucumber-core-7.21.1.jar;C:\Users\CHETHAN REDDY DR\.m2\repository\io\cucumber\cucumber-gherkin\7.21.1\cucumber-gherkin-7.21.1.jar;C:\Users\CHETHAN REDDY DR\.m2\repository\io\cucumber\cucumber-gherkin-messages\7.21.1\cucumber-gherkin-messages-7.21.1.jar;C:\Users\CHETHAN REDDY DR\.m2\repository\io\cucumber\gherkin\31.0.0\gherkin-31.0.0.jar;C:\Users\CHETHAN REDDY DR\.m2\repository\io\cucumber\messages\27.2.0\messages-27.2.0.jar;C:\Users\CHETHAN REDDY DR\.m2\repository\io\cucumber\testng-xml-formatter\0.3.1\testng-xml-formatter-0.3.1.jar;C:\Users\CHETHAN REDDY DR\.m2\repository\io\cucumber\query\13.2.0\query-13.2.0.jar;C:\Users\CHETHAN REDDY DR\.m2\repository\io\cucumber\tag-expressions\6.1.2\tag-expressions-6.1.2.jar;C:\Users\CHETHAN REDDY DR\.m2\repository\io\cucumber\cucumber-expressions\18.0.1\cucumber-expressions-18.0.1.jar;C:\Users\CHETHAN REDDY DR\.m2\repository\io\cucumber\datatable\7.21.1\datatable-7.21.1.jar;C:\Users\CHETHAN REDDY DR\.m2\repository\io\cucumber\cucumber-plugin\7.21.1\cucumber-plugin-7.21.1.jar;C:\Users\CHETHAN REDDY DR\.m2\repository\io\cucumber\docstring\7.21.1\docstring-7.21.1.jar;C:\Users\CHETHAN REDDY DR\.m2\repository\io\cucumber\html-formatter\21.9.0\html-formatter-21.9.0.jar;C:\Users\CHETHAN REDDY DR\.m2\repository\io\cucumber\junit-xml-formatter\0.7.1\junit-xml-formatter-0.7.1.jar;C:\Users\CHETHAN REDDY DR\.m2\repository\io\cucumber\ci-environment\10.0.1\ci-environment-10.0.1.jar;C:\Users\CHETHAN REDDY DR\.m2\repository\org\apiguardian\apiguardian-api\1.1.2\apiguardian-api-1.1.2.jar;C:\Users\CHETHAN REDDY DR\.m2\repository\io\cucumber\cucumber-testng\7.21.1\cucumber-testng-7.21.1.jar;C:\Users\CHETHAN REDDY DR\.m2\repository\org\testng\testng\7.10.2\testng-7.10.2.jar;C:\Users\CHETHAN REDDY DR\.m2\repository\org\slf4j\slf4j-api\1.7.36\slf4j-api-1.7.36.jar;C:\Users\CHETHAN REDDY DR\.m2\repository\com\beust\jcommander\1.82\jcommander-1.82.jar;C:\Users\CHETHAN REDDY DR\.m2\repository\org\webjars\jquery\3.7.1\jquery-3.7.1.jar;C:\Users\CHETHAN REDDY DR\.m2\repository\org\seleniumhq\selenium\selenium-java\3.141.59\selenium-java-3.141.59.jar;C:\Users\CHETHAN REDDY DR\.m2\repository\org\seleniumhq\selenium\selenium-api\3.141.59\selenium-api-3.141.59.jar;C:\Users\CHETHAN REDDY DR\.m2\repository\org\seleniumhq\selenium\selenium-chrome-driver\3.141.59\selenium-chrome-driver-3.141.59.jar;C:\Users\CHETHAN REDDY DR\.m2\repository\org\seleniumhq\selenium\selenium-edge-driver\3.141.59\selenium-edge-driver-3.141.59.jar;C:\Users\CHETHAN REDDY DR\.m2\repository\org\seleniumhq\selenium\selenium-firefox-driver\3.141.59\selenium-firefox-driver-3.141.59.jar;C:\Users\CHETHAN REDDY DR\.m2\repository\org\seleniumhq\selenium\selenium-ie-driver\3.141.59\selenium-ie-driver-3.141.59.jar;C:\Users\CHETHAN REDDY DR\.m2\repository\org\seleniumhq\selenium\selenium-opera-driver\3.141.59\selenium-opera-driver-3.141.59.jar;C:\Users\CHETHAN REDDY DR\.m2\repository\org\seleniumhq\selenium\selenium-remote-driver\3.141.59\selenium-remote-driver-3.141.59.jar;C:\Users\CHETHAN REDDY DR\.m2\repository\org\seleniumhq\selenium\selenium-safari-driver\3.141.59\selenium-safari-driver-3.141.59.jar;C:\Users\CHETHAN REDDY DR\.m2\repository\org\seleniumhq\selenium\selenium-support\3.141.59\selenium-support-3.141.59.jar;C:\Users\CHETHAN REDDY DR\.m2\repository\net\bytebuddy\byte-buddy\1.8.15\byte-buddy-1.8.15.jar;C:\Users\CHETHAN REDDY DR\.m2\repository\org\apache\commons\commons-exec\1.3\commons-exec-1.3.jar;C:\Users\CHETHAN REDDY DR\.m2\repository\com\google\guava\guava\25.0-jre\guava-25.0-jre.jar;C:\Users\CHETHAN REDDY DR\.m2\repository\com\google\code\findbugs\jsr305\1.3.9\jsr305-1.3.9.jar;C:\Users\CHETHAN REDDY DR\.m2\repository\org\checkerframework\checker-compat-qual\2.0.0\checker-compat-qual-2.0.0.jar;C:\Users\CHETHAN REDDY DR\.m2\repository\com\google\errorprone\error_prone_annotations\2.1.3\error_prone_annotations-2.1.3.jar;C:\Users\CHETHAN REDDY DR\.m2\repository\com\google\j2objc\j2objc-annotations\1.1\j2objc-annotations-1.1.jar;C:\Users\CHETHAN REDDY DR\.m2\repository\org\codehaus\mojo\animal-sniffer-annotations\1.14\animal-sniffer-annotations-1.14.jar;C:\Users\CHETHAN REDDY DR\.m2\repository\com\squareup\okhttp3\okhttp\3.11.0\okhttp-3.11.0.jar;C:\Users\CHETHAN REDDY DR\.m2\repository\com\squareup\okio\okio\1.14.0\okio-1.14.0.jar;C:\Users\CHETHAN REDDY DR\.m2\repository\io\github\bonigarcia\webdrivermanager\5.9.2\webdrivermanager-5.9.2.jar;C:\Users\CHETHAN REDDY DR\.m2\repository\com\google\code\gson\gson\2.11.0\gson-2.11.0.jar;C:\Users\CHETHAN REDDY DR\.m2\repository\com\github\docker-java\docker-java\3.4.0\docker-java-3.4.0.jar;C:\Users\CHETHAN REDDY DR\.m2\repository\com\github\docker-java\docker-java-core\3.4.0\docker-java-core-3.4.0.jar;C:\Users\CHETHAN REDDY DR\.m2\repository\com\github\docker-java\docker-java-api\3.4.0\docker-java-api-3.4.0.jar;C:\Users\CHETHAN REDDY DR\.m2\repository\com\fasterxml\jackson\core\jackson-annotations\2.10.3\jackson-annotations-2.10.3.jar;C:\Users\CHETHAN REDDY DR\.m2\repository\com\fasterxml\jackson\core\jackson-databind\2.10.3\jackson-databind-2.10.3.jar;C:\Users\CHETHAN REDDY DR\.m2\repository\com\fasterxml\jackson\core\jackson-core\2.10.3\jackson-core-2.10.3.jar;C:\Users\CHETHAN REDDY DR\.m2\repository\org\slf4j\jcl-over-slf4j\1.7.30\jcl-over-slf4j-1.7.30.jar;C:\Users\CHETHAN REDDY DR\.m2\repository\com\github\docker-java\docker-java-transport-httpclient5\3.4.0\docker-java-transport-httpclient5-3.4.0.jar;C:\Users\CHETHAN REDDY DR\.m2\repository\com\github\docker-java\docker-java-transport\3.4.0\docker-java-transport-3.4.0.jar;C:\Users\CHETHAN REDDY DR\.m2\repository\net\java\dev\jna\jna\5.13.0\jna-5.13.0.jar;C:\Users\CHETHAN REDDY DR\.m2\repository\org\brotli\dec\0.1.2\dec-0.1.2.jar;C:\Users\CHETHAN REDDY DR\.m2\repository\org\apache\commons\commons-lang3\3.15.0\commons-lang3-3.15.0.jar;C:\Users\CHETHAN REDDY DR\.m2\repository\org\apache\commons\commons-compress\1.26.2\commons-compress-1.26.2.jar;C:\Users\CHETHAN REDDY DR\.m2\repository\commons-codec\commons-codec\1.17.0\commons-codec-1.17.0.jar;C:\Users\CHETHAN REDDY DR\.m2\repository\commons-io\commons-io\2.16.1\commons-io-2.16.1.jar;C:\Users\CHETHAN REDDY DR\.m2\repository\org\apache\httpcomponents\client5\httpclient5\5.2.1\httpclient5-5.2.1.jar;C:\Users\CHETHAN REDDY DR\.m2\repository\org\apache\httpcomponents\core5\httpcore5\5.2\httpcore5-5.2.jar;C:\Users\CHETHAN REDDY DR\.m2\repository\org\apache\httpcomponents\core5\httpcore5-h2\5.2\httpcore5-h2-5.2.jar;"/>
    <property name="java.vm.vendor" value="Oracle Corporation"/>
    <property name="sun.arch.data.model" value="64"/>
    <property name="user.variant" value=""/>
    <property name="java.vendor.url" value="https://java.oracle.com/"/>
    <property name="user.timezone" value="Asia/Calcutta"/>
    <property name="os.name" value="Windows 11"/>
    <property name="java.vm.specification.version" value="17"/>
    <property name="sun.java.launcher" value="SUN_STANDARD"/>
    <property name="user.country" value="IN"/>
    <property name="sun.boot.library.path" value="C:\Program Files\Java\jdk-17\bin"/>
    <property name="sun.java.command" value="C:\Users\CHETHAN REDDY DR\AppData\Local\Temp\surefire16720296482666466194\surefirebooter-20250309120816951_3.jar C:\Users\CHETHAN REDDY DR\AppData\Local\Temp\surefire16720296482666466194 2025-03-09T12-08-16_593-jvmRun1 surefire-20250309120816951_1tmp surefire_0-20250309120816951_2tmp"/>
    <property name="jdk.debug" value="release"/>
    <property name="surefire.test.class.path" value="D:\SeleniumPractice\HealthCare_Cucumber\target\test-classes;D:\SeleniumPractice\HealthCare_Cucumber\target\classes;C:\Users\CHETHAN REDDY DR\.m2\repository\io\cucumber\cucumber-java\7.21.1\cucumber-java-7.21.1.jar;C:\Users\CHETHAN REDDY DR\.m2\repository\io\cucumber\cucumber-core\7.21.1\cucumber-core-7.21.1.jar;C:\Users\CHETHAN REDDY DR\.m2\repository\io\cucumber\cucumber-gherkin\7.21.1\cucumber-gherkin-7.21.1.jar;C:\Users\CHETHAN REDDY DR\.m2\repository\io\cucumber\cucumber-gherkin-messages\7.21.1\cucumber-gherkin-messages-7.21.1.jar;C:\Users\CHETHAN REDDY DR\.m2\repository\io\cucumber\gherkin\31.0.0\gherkin-31.0.0.jar;C:\Users\CHETHAN REDDY DR\.m2\repository\io\cucumber\messages\27.2.0\messages-27.2.0.jar;C:\Users\CHETHAN REDDY DR\.m2\repository\io\cucumber\testng-xml-formatter\0.3.1\testng-xml-formatter-0.3.1.jar;C:\Users\CHETHAN REDDY DR\.m2\repository\io\cucumber\query\13.2.0\query-13.2.0.jar;C:\Users\CHETHAN REDDY DR\.m2\repository\io\cucumber\tag-expressions\6.1.2\tag-expressions-6.1.2.jar;C:\Users\CHETHAN REDDY DR\.m2\repository\io\cucumber\cucumber-expressions\18.0.1\cucumber-expressions-18.0.1.jar;C:\Users\CHETHAN REDDY DR\.m2\repository\io\cucumber\datatable\7.21.1\datatable-7.21.1.jar;C:\Users\CHETHAN REDDY DR\.m2\repository\io\cucumber\cucumber-plugin\7.21.1\cucumber-plugin-7.21.1.jar;C:\Users\CHETHAN REDDY DR\.m2\repository\io\cucumber\docstring\7.21.1\docstring-7.21.1.jar;C:\Users\CHETHAN REDDY DR\.m2\repository\io\cucumber\html-formatter\21.9.0\html-formatter-21.9.0.jar;C:\Users\CHETHAN REDDY DR\.m2\repository\io\cucumber\junit-xml-formatter\0.7.1\junit-xml-formatter-0.7.1.jar;C:\Users\CHETHAN REDDY DR\.m2\repository\io\cucumber\ci-environment\10.0.1\ci-environment-10.0.1.jar;C:\Users\CHETHAN REDDY DR\.m2\repository\org\apiguardian\apiguardian-api\1.1.2\apiguardian-api-1.1.2.jar;C:\Users\CHETHAN REDDY DR\.m2\repository\io\cucumber\cucumber-testng\7.21.1\cucumber-testng-7.21.1.jar;C:\Users\CHETHAN REDDY DR\.m2\repository\org\testng\testng\7.10.2\testng-7.10.2.jar;C:\Users\CHETHAN REDDY DR\.m2\repository\org\slf4j\slf4j-api\1.7.36\slf4j-api-1.7.36.jar;C:\Users\CHETHAN REDDY DR\.m2\repository\com\beust\jcommander\1.82\jcommander-1.82.jar;C:\Users\CHETHAN REDDY DR\.m2\repository\org\webjars\jquery\3.7.1\jquery-3.7.1.jar;C:\Users\CHETHAN REDDY DR\.m2\repository\org\seleniumhq\selenium\selenium-java\3.141.59\selenium-java-3.141.59.jar;C:\Users\CHETHAN REDDY DR\.m2\repository\org\seleniumhq\selenium\selenium-api\3.141.59\selenium-api-3.141.59.jar;C:\Users\CHETHAN REDDY DR\.m2\repository\org\seleniumhq\selenium\selenium-chrome-driver\3.141.59\selenium-chrome-driver-3.141.59.jar;C:\Users\CHETHAN REDDY DR\.m2\repository\org\seleniumhq\selenium\selenium-edge-driver\3.141.59\selenium-edge-driver-3.141.59.jar;C:\Users\CHETHAN REDDY DR\.m2\repository\org\seleniumhq\selenium\selenium-firefox-driver\3.141.59\selenium-firefox-driver-3.141.59.jar;C:\Users\CHETHAN REDDY DR\.m2\repository\org\seleniumhq\selenium\selenium-ie-driver\3.141.59\selenium-ie-driver-3.141.59.jar;C:\Users\CHETHAN REDDY DR\.m2\repository\org\seleniumhq\selenium\selenium-opera-driver\3.141.59\selenium-opera-driver-3.141.59.jar;C:\Users\CHETHAN REDDY DR\.m2\repository\org\seleniumhq\selenium\selenium-remote-driver\3.141.59\selenium-remote-driver-3.141.59.jar;C:\Users\CHETHAN REDDY DR\.m2\repository\org\seleniumhq\selenium\selenium-safari-driver\3.141.59\selenium-safari-driver-3.141.59.jar;C:\Users\CHETHAN REDDY DR\.m2\repository\org\seleniumhq\selenium\selenium-support\3.141.59\selenium-support-3.141.59.jar;C:\Users\CHETHAN REDDY DR\.m2\repository\net\bytebuddy\byte-buddy\1.8.15\byte-buddy-1.8.15.jar;C:\Users\CHETHAN REDDY DR\.m2\repository\org\apache\commons\commons-exec\1.3\commons-exec-1.3.jar;C:\Users\CHETHAN REDDY DR\.m2\repository\com\google\guava\guava\25.0-jre\guava-25.0-jre.jar;C:\Users\CHETHAN REDDY DR\.m2\repository\com\google\code\findbugs\jsr305\1.3.9\jsr305-1.3.9.jar;C:\Users\CHETHAN REDDY DR\.m2\repository\org\checkerframework\checker-compat-qual\2.0.0\checker-compat-qual-2.0.0.jar;C:\Users\CHETHAN REDDY DR\.m2\repository\com\google\errorprone\error_prone_annotations\2.1.3\error_prone_annotations-2.1.3.jar;C:\Users\CHETHAN REDDY DR\.m2\repository\com\google\j2objc\j2objc-annotations\1.1\j2objc-annotations-1.1.jar;C:\Users\CHETHAN REDDY DR\.m2\repository\org\codehaus\mojo\animal-sniffer-annotations\1.14\animal-sniffer-annotations-1.14.jar;C:\Users\CHETHAN REDDY DR\.m2\repository\com\squareup\okhttp3\okhttp\3.11.0\okhttp-3.11.0.jar;C:\Users\CHETHAN REDDY DR\.m2\repository\com\squareup\okio\okio\1.14.0\okio-1.14.0.jar;C:\Users\CHETHAN REDDY DR\.m2\repository\io\github\bonigarcia\webdrivermanager\5.9.2\webdrivermanager-5.9.2.jar;C:\Users\CHETHAN REDDY DR\.m2\repository\com\google\code\gson\gson\2.11.0\gson-2.11.0.jar;C:\Users\CHETHAN REDDY DR\.m2\repository\com\github\docker-java\docker-java\3.4.0\docker-java-3.4.0.jar;C:\Users\CHETHAN REDDY DR\.m2\repository\com\github\docker-java\docker-java-core\3.4.0\docker-java-core-3.4.0.jar;C:\Users\CHETHAN REDDY DR\.m2\repository\com\github\docker-java\docker-java-api\3.4.0\docker-java-api-3.4.0.jar;C:\Users\CHETHAN REDDY DR\.m2\repository\com\fasterxml\jackson\core\jackson-annotations\2.10.3\jackson-annotations-2.10.3.jar;C:\Users\CHETHAN REDDY DR\.m2\repository\com\fasterxml\jackson\core\jackson-databind\2.10.3\jackson-databind-2.10.3.jar;C:\Users\CHETHAN REDDY DR\.m2\repository\com\fasterxml\jackson\core\jackson-core\2.10.3\jackson-core-2.10.3.jar;C:\Users\CHETHAN REDDY DR\.m2\repository\org\slf4j\jcl-over-slf4j\1.7.30\jcl-over-slf4j-1.7.30.jar;C:\Users\CHETHAN REDDY DR\.m2\repository\com\github\docker-java\docker-java-transport-httpclient5\3.4.0\docker-java-transport-httpclient5-3.4.0.jar;C:\Users\CHETHAN REDDY DR\.m2\repository\com\github\docker-java\docker-java-transport\3.4.0\docker-java-transport-3.4.0.jar;C:\Users\CHETHAN REDDY DR\.m2\repository\net\java\dev\jna\jna\5.13.0\jna-5.13.0.jar;C:\Users\CHETHAN REDDY DR\.m2\repository\org\brotli\dec\0.1.2\dec-0.1.2.jar;C:\Users\CHETHAN REDDY DR\.m2\repository\org\apache\commons\commons-lang3\3.15.0\commons-lang3-3.15.0.jar;C:\Users\CHETHAN REDDY DR\.m2\repository\org\apache\commons\commons-compress\1.26.2\commons-compress-1.26.2.jar;C:\Users\CHETHAN REDDY DR\.m2\repository\commons-codec\commons-codec\1.17.0\commons-codec-1.17.0.jar;C:\Users\CHETHAN REDDY DR\.m2\repository\commons-io\commons-io\2.16.1\commons-io-2.16.1.jar;C:\Users\CHETHAN REDDY DR\.m2\repository\org\apache\httpcomponents\client5\httpclient5\5.2.1\httpclient5-5.2.1.jar;C:\Users\CHETHAN REDDY DR\.m2\repository\org\apache\httpcomponents\core5\httpcore5\5.2\httpcore5-5.2.jar;C:\Users\CHETHAN REDDY DR\.m2\repository\org\apache\httpcomponents\core5\httpcore5-h2\5.2\httpcore5-h2-5.2.jar;"/>
    <property name="sun.cpu.endian" value="little"/>
    <property name="user.home" value="C:\Users\CHETHAN REDDY DR"/>
    <property name="user.language" value="en"/>
    <property name="java.specification.vendor" value="Oracle Corporation"/>
    <property name="java.version.date" value="2025-01-21"/>
    <property name="java.home" value="C:\Program Files\Java\jdk-17"/>
    <property name="file.separator" value="\"/>
    <property name="basedir" value="D:\SeleniumPractice\HealthCare_Cucumber"/>
    <property name="java.vm.compressedOopsMode" value="32-bit"/>
    <property name="line.separator" value="&#10;"/>
    <property name="java.vm.specification.vendor" value="Oracle Corporation"/>
    <property name="java.specification.name" value="Java Platform API Specification"/>
    <property name="surefire.real.class.path" value="C:\Users\CHETHAN REDDY DR\AppData\Local\Temp\surefire16720296482666466194\surefirebooter-20250309120816951_3.jar"/>
    <property name="user.script" value=""/>
    <property name="sun.management.compiler" value="HotSpot 64-Bit Tiered Compilers"/>
    <property name="java.runtime.version" value="17.0.14+8-LTS-191"/>
    <property name="user.name" value="CHETHAN REDDY DR"/>
    <property name="path.separator" value=";"/>
    <property name="os.version" value="10.0"/>
    <property name="java.runtime.name" value="Java(TM) SE Runtime Environment"/>
    <property name="file.encoding" value="Cp1252"/>
    <property name="java.vm.name" value="Java HotSpot(TM) 64-Bit Server VM"/>
    <property name="localRepository" value="C:\Users\CHETHAN REDDY DR\.m2\repository"/>
    <property name="java.vendor.url.bug" value="https://bugreport.java.com/bugreport/"/>
    <property name="java.io.tmpdir" value="C:\Users\CHETHA~1\AppData\Local\Temp\"/>
    <property name="java.version" value="17.0.14"/>
    <property name="user.dir" value="D:\SeleniumPractice\HealthCare_Cucumber"/>
    <property name="os.arch" value="amd64"/>
    <property name="java.vm.specification.name" value="Java Virtual Machine Specification"/>
    <property name="sun.os.patch.level" value=""/>
    <property name="native.encoding" value="Cp1252"/>
    <property name="java.library.path" value="C:\Program Files\Java\jdk-17\bin;C:\WINDOWS\Sun\Java\bin;C:\WINDOWS\system32;C:\WINDOWS;C:\Program Files\Common Files\Oracle\Java\javapath;C:\Program Files (x86)\Common Files\Oracle\Java\java8path;C:\Program Files (x86)\Common Files\Oracle\Java\javapath;C:\Program Files (x86)\Common Files\Intel\Shared Libraries\redist\intel64\compiler;C:\Program Files (x86)\Common Files\DivX Shared\DesktopService;C:\Program Files\dotnet\;C:\Program Files\Azure Data Studio\bin;C:\Program Files\MySQL\MySQL Server 8.0\bin;C:\WINDOWS\system32;C:\WINDOWS;C:\WINDOWS\System32\Wbem;C:\WINDOWS\System32\WindowsPowerShell\v1.0\;C:\WINDOWS\System32\OpenSSH\;C:\Program Files\Java\jdk-17\bin;C:\Program Files\nodejs\;C:\Users\CHETHAN REDDY DR\Downloads\apache-maven-3.9.9-bin\apache-maven-3.9.9\bin\;C:\Users\CHETHAN REDDY DR\Downloads\apache-maven-3.9.9-bin\apache-maven-3.9.9\;C:\Users\CHETHAN REDDY DR\Downloads\apache-maven-3.9.9-bin\apache-maven-3.9.9\bin\;C:\Program Files\Git\cmd;C:\Program Files\MySQL\MySQL Shell 8.0\bin\;C:\Users\CHETHAN REDDY DR\AppData\Local\Microsoft\WindowsApps;C:\Program Files\Azure Data Studio\bin;C:\Users\CHETHAN REDDY DR\AppData\Roaming\npm;."/>
    <property name="java.vm.info" value="mixed mode, sharing"/>
    <property name="java.vendor" value="Oracle Corporation"/>
    <property name="java.vm.version" value="17.0.14+8-LTS-191"/>
    <property name="java.specification.maintenance.version" value="1"/>
    <property name="sun.io.unicode.encoding" value="UnicodeLittle"/>
    <property name="java.class.version" value="61.0"/>
  </properties>
  <testcase name="runScenario[&quot;Verify dashboard displayed based on user role&quot;, &quot;dataflow between doctor and patient module&quot;](1)" classname="runner.TestRunner" time="9.838">
    <system-out><![CDATA[
Scenario Outline: Verify dashboard displayed based on user role                &amp#27;[90m# src/test/resources/Feature/Health.feature:14&amp#27;[0m
  &amp#27;[32mGiven &amp#27;[0m&amp#27;[32muser is on login page&amp#27;[0m                                                  &amp#27;[90m# stepdefinitions.LoginSteps.user_is_on_login_page()&amp#27;[0m
  &amp#27;[32mWhen &amp#27;[0m&amp#27;[32muser enter &amp#27;[0m&amp#27;[32m&amp#27;[1m"gautham@gmail.com"&amp#27;[0m&amp#27;[32m and &amp#27;[0m&amp#27;[32m&amp#27;[1m"123456"&amp#27;[0m                             &amp#27;[90m# stepdefinitions.LoginSteps.user_enter_and(java.lang.String,java.lang.String)&amp#27;[0m
  &amp#27;[32mAnd &amp#27;[0m&amp#27;[32mclick on login button&amp#27;[0m                                                    &amp#27;[90m# stepdefinitions.LoginSteps.click_on_login_button()&amp#27;[0m
Page Title: Doctor Dashboard - Hospital Management System
  &amp#27;[32mThen &amp#27;[0m&amp#27;[32mthe &amp#27;[0m&amp#27;[32m&amp#27;[1m"Doctor Dashboard - Hospital Management System"&amp#27;[0m&amp#27;[32m should be displayed&amp#27;[0m &amp#27;[90m# stepdefinitions.LoginSteps.the_should_be_displayed(java.lang.String)&amp#27;[0m
]]></system-out>
    <system-err><![CDATA[SLF4J: Failed to load class "org.slf4j.impl.StaticLoggerBinder".
SLF4J: Defaulting to no-operation (NOP) logger implementation
SLF4J: See http://www.slf4j.org/codes.html#StaticLoggerBinder for further details.
Starting ChromeDriver 133.0.6943.141 (2a5d6da0d6165d7b107502095a937fe7704fcef6-refs/branch-heads/6943@{#1912}) on port 38568
Only local connections are allowed.
Please see https://chromedriver.chromium.org/security-considerations for suggestions on keeping ChromeDriver safe.
ChromeDriver was started successfully on port 38568.
Mar 09, 2025 12:08:27 PM org.openqa.selenium.remote.ProtocolHandshake createSession
INFO: Detected dialect: W3C
]]></system-err>
  </testcase>
  <testcase name="runScenario[&quot;Verify dashboard displayed based on user role&quot;, &quot;dataflow between doctor and patient module&quot;](2)" classname="runner.TestRunner" time="5.841">
    <system-out><![CDATA[
Scenario Outline: Verify dashboard displayed based on user role                 &amp#27;[90m# src/test/resources/Feature/Health.feature:15&amp#27;[0m
  &amp#27;[32mGiven &amp#27;[0m&amp#27;[32muser is on login page&amp#27;[0m                                                   &amp#27;[90m# stepdefinitions.LoginSteps.user_is_on_login_page()&amp#27;[0m
  &amp#27;[32mWhen &amp#27;[0m&amp#27;[32muser enter &amp#27;[0m&amp#27;[32m&amp#27;[1m"deva@gmail.com"&amp#27;[0m&amp#27;[32m and &amp#27;[0m&amp#27;[32m&amp#27;[1m"123456"&amp#27;[0m                                 &amp#27;[90m# stepdefinitions.LoginSteps.user_enter_and(java.lang.String,java.lang.String)&amp#27;[0m
  &amp#27;[32mAnd &amp#27;[0m&amp#27;[32mclick on login button&amp#27;[0m                                                     &amp#27;[90m# stepdefinitions.LoginSteps.click_on_login_button()&amp#27;[0m
Page Title: Patient Dashboard - Hospital Management System
  &amp#27;[32mThen &amp#27;[0m&amp#27;[32mthe &amp#27;[0m&amp#27;[32m&amp#27;[1m"Patient Dashboard - Hospital Management System"&amp#27;[0m&amp#27;[32m should be displayed&amp#27;[0m &amp#27;[90m# stepdefinitions.LoginSteps.the_should_be_displayed(java.lang.String)&amp#27;[0m
]]></system-out>
    <system-err><![CDATA[Starting ChromeDriver 133.0.6943.141 (2a5d6da0d6165d7b107502095a937fe7704fcef6-refs/branch-heads/6943@{#1912}) on port 15213
Only local connections are allowed.
Please see https://chromedriver.chromium.org/security-considerations for suggestions on keeping ChromeDriver safe.
ChromeDriver was started successfully on port 15213.
Mar 09, 2025 12:08:33 PM org.openqa.selenium.remote.ProtocolHandshake createSession
INFO: Detected dialect: W3C
]]></system-err>
  </testcase>
  <testcase name="runScenario[&quot;Verify dashboard displayed based on user role&quot;, &quot;dataflow between doctor and patient module&quot;](3)" classname="runner.TestRunner" time="6.081">
    <system-out><![CDATA[
Scenario Outline: Verify dashboard displayed based on user role               &amp#27;[90m# src/test/resources/Feature/Health.feature:16&amp#27;[0m
  &amp#27;[32mGiven &amp#27;[0m&amp#27;[32muser is on login page&amp#27;[0m                                                 &amp#27;[90m# stepdefinitions.LoginSteps.user_is_on_login_page()&amp#27;[0m
  &amp#27;[32mWhen &amp#27;[0m&amp#27;[32muser enter &amp#27;[0m&amp#27;[32m&amp#27;[1m"latha@gmail.com"&amp#27;[0m&amp#27;[32m and &amp#27;[0m&amp#27;[32m&amp#27;[1m"123456"&amp#27;[0m                              &amp#27;[90m# stepdefinitions.LoginSteps.user_enter_and(java.lang.String,java.lang.String)&amp#27;[0m
  &amp#27;[32mAnd &amp#27;[0m&amp#27;[32mclick on login button&amp#27;[0m                                                   &amp#27;[90m# stepdefinitions.LoginSteps.click_on_login_button()&amp#27;[0m
Page Title: Nurse Dashboard - Hospital Management System
  &amp#27;[32mThen &amp#27;[0m&amp#27;[32mthe &amp#27;[0m&amp#27;[32m&amp#27;[1m"Nurse Dashboard - Hospital Management System"&amp#27;[0m&amp#27;[32m should be displayed&amp#27;[0m &amp#27;[90m# stepdefinitions.LoginSteps.the_should_be_displayed(java.lang.String)&amp#27;[0m
]]></system-out>
    <system-err><![CDATA[Starting ChromeDriver 133.0.6943.141 (2a5d6da0d6165d7b107502095a937fe7704fcef6-refs/branch-heads/6943@{#1912}) on port 6783
Only local connections are allowed.
Please see https://chromedriver.chromium.org/security-considerations for suggestions on keeping ChromeDriver safe.
ChromeDriver was started successfully on port 6783.
Mar 09, 2025 12:08:39 PM org.openqa.selenium.remote.ProtocolHandshake createSession
INFO: Detected dialect: W3C
]]></system-err>
  </testcase>
  <testcase name="runScenario[&quot;Verify dashboard displayed based on user role&quot;, &quot;dataflow between doctor and patient module&quot;](4)" classname="runner.TestRunner" time="12.863">
    <system-out><![CDATA[
Scenario Outline: Verify dashboard displayed based on user role                      &amp#27;[90m# src/test/resources/Feature/Health.feature:17&amp#27;[0m
  &amp#27;[32mGiven &amp#27;[0m&amp#27;[32muser is on login page&amp#27;[0m                                                        &amp#27;[90m# stepdefinitions.LoginSteps.user_is_on_login_page()&amp#27;[0m
  &amp#27;[32mWhen &amp#27;[0m&amp#27;[32muser enter &amp#27;[0m&amp#27;[32m&amp#27;[1m"gowri@gmail.com"&amp#27;[0m&amp#27;[32m and &amp#27;[0m&amp#27;[32m&amp#27;[1m"123456"&amp#27;[0m                                     &amp#27;[90m# stepdefinitions.LoginSteps.user_enter_and(java.lang.String,java.lang.String)&amp#27;[0m
  &amp#27;[32mAnd &amp#27;[0m&amp#27;[32mclick on login button&amp#27;[0m                                                          &amp#27;[90m# stepdefinitions.LoginSteps.click_on_login_button()&amp#27;[0m
Page Title: Receptionist Dashboard - Hospital Management System
  &amp#27;[32mThen &amp#27;[0m&amp#27;[32mthe &amp#27;[0m&amp#27;[32m&amp#27;[1m"Receptionist Dashboard - Hospital Management System"&amp#27;[0m&amp#27;[32m should be displayed&amp#27;[0m &amp#27;[90m# stepdefinitions.LoginSteps.the_should_be_displayed(java.lang.String)&amp#27;[0m
]]></system-out>
    <system-err><![CDATA[Starting ChromeDriver 133.0.6943.141 (2a5d6da0d6165d7b107502095a937fe7704fcef6-refs/branch-heads/6943@{#1912}) on port 23595
Only local connections are allowed.
Please see https://chromedriver.chromium.org/security-considerations for suggestions on keeping ChromeDriver safe.
ChromeDriver was started successfully on port 23595.
Mar 09, 2025 12:08:45 PM org.openqa.selenium.remote.ProtocolHandshake createSession
INFO: Detected dialect: W3C
]]></system-err>
  </testcase>
  <testcase name="runScenario[&quot;Verify dashboard displayed based on user role&quot;, &quot;dataflow between doctor and patient module&quot;](5)" classname="runner.TestRunner" time="12.916">
    <system-out><![CDATA[
Scenario Outline: Verify dashboard displayed based on user role                      &amp#27;[90m# src/test/resources/Feature/Health.feature:18&amp#27;[0m
  &amp#27;[32mGiven &amp#27;[0m&amp#27;[32muser is on login page&amp#27;[0m                                                        &amp#27;[90m# stepdefinitions.LoginSteps.user_is_on_login_page()&amp#27;[0m
  &amp#27;[32mWhen &amp#27;[0m&amp#27;[32muser enter &amp#27;[0m&amp#27;[32m&amp#27;[1m"sahana@gmail.com"&amp#27;[0m&amp#27;[32m and &amp#27;[0m&amp#27;[32m&amp#27;[1m"123456"&amp#27;[0m                                    &amp#27;[90m# stepdefinitions.LoginSteps.user_enter_and(java.lang.String,java.lang.String)&amp#27;[0m
  &amp#27;[32mAnd &amp#27;[0m&amp#27;[32mclick on login button&amp#27;[0m                                                          &amp#27;[90m# stepdefinitions.LoginSteps.click_on_login_button()&amp#27;[0m
Page Title: Laboratorist Dashboard - Hospital Management System
  &amp#27;[32mThen &amp#27;[0m&amp#27;[32mthe &amp#27;[0m&amp#27;[32m&amp#27;[1m"Laboratorist Dashboard - Hospital Management System"&amp#27;[0m&amp#27;[32m should be displayed&amp#27;[0m &amp#27;[90m# stepdefinitions.LoginSteps.the_should_be_displayed(java.lang.String)&amp#27;[0m
]]></system-out>
    <system-err><![CDATA[Starting ChromeDriver 133.0.6943.141 (2a5d6da0d6165d7b107502095a937fe7704fcef6-refs/branch-heads/6943@{#1912}) on port 41046
Only local connections are allowed.
Please see https://chromedriver.chromium.org/security-considerations for suggestions on keeping ChromeDriver safe.
ChromeDriver was started successfully on port 41046.
Mar 09, 2025 12:08:58 PM org.openqa.selenium.remote.ProtocolHandshake createSession
INFO: Detected dialect: W3C
]]></system-err>
  </testcase>
  <testcase name="runScenario[&quot;Verify dashboard displayed based on user role&quot;, &quot;dataflow between doctor and patient module&quot;](6)" classname="runner.TestRunner" time="6.639">
    <system-out><![CDATA[
Scenario Outline: Verify dashboard displayed based on user role                    &amp#27;[90m# src/test/resources/Feature/Health.feature:19&amp#27;[0m
  &amp#27;[32mGiven &amp#27;[0m&amp#27;[32muser is on login page&amp#27;[0m                                                      &amp#27;[90m# stepdefinitions.LoginSteps.user_is_on_login_page()&amp#27;[0m
  &amp#27;[32mWhen &amp#27;[0m&amp#27;[32muser enter &amp#27;[0m&amp#27;[32m&amp#27;[1m"mukund@gmail.com"&amp#27;[0m&amp#27;[32m and &amp#27;[0m&amp#27;[32m&amp#27;[1m"123456"&amp#27;[0m                                  &amp#27;[90m# stepdefinitions.LoginSteps.user_enter_and(java.lang.String,java.lang.String)&amp#27;[0m
  &amp#27;[32mAnd &amp#27;[0m&amp#27;[32mclick on login button&amp#27;[0m                                                        &amp#27;[90m# stepdefinitions.LoginSteps.click_on_login_button()&amp#27;[0m
Page Title: Pharmacist Dashboard - Hospital Management System
  &amp#27;[32mThen &amp#27;[0m&amp#27;[32mthe &amp#27;[0m&amp#27;[32m&amp#27;[1m"Pharmacist Dashboard - Hospital Management System"&amp#27;[0m&amp#27;[32m should be displayed&amp#27;[0m &amp#27;[90m# stepdefinitions.LoginSteps.the_should_be_displayed(java.lang.String)&amp#27;[0m
]]></system-out>
    <system-err><![CDATA[Starting ChromeDriver 133.0.6943.141 (2a5d6da0d6165d7b107502095a937fe7704fcef6-refs/branch-heads/6943@{#1912}) on port 16695
Only local connections are allowed.
Please see https://chromedriver.chromium.org/security-considerations for suggestions on keeping ChromeDriver safe.
ChromeDriver was started successfully on port 16695.
Mar 09, 2025 12:09:11 PM org.openqa.selenium.remote.ProtocolHandshake createSession
INFO: Detected dialect: W3C
]]></system-err>
  </testcase>
</testsuite>