<?xml version="1.0" encoding="UTF-8"?>
<!-- Generated by org.testng.reporters.JUnitReportReporter -->
<testsuite hostname="LAPTOP-7ISEF72N" failures="0" tests="6" name="runner.TestRunner" time="36.891" errors="0" timestamp="2025-03-20T12:44:43 IST" skipped="0">
  <testcase classname="runner.TestRunner" name="runScenario" time="8.422"/>
  <testcase classname="runner.TestRunner" name="runScenario" time="4.435"/>
  <testcase classname="runner.TestRunner" name="runScenario" time="4.758"/>
  <testcase classname="runner.TestRunner" name="runScenario" time="4.982"/>
  <testcase classname="runner.TestRunner" name="runScenario" time="4.778"/>
  <testcase classname="runner.TestRunner" name="runScenario" time="9.516"/>
</testsuite> <!-- runner.TestRunner -->
