<?xml version="1.0" encoding="UTF-8"?>
<!-- Generated by org.testng.reporters.JUnitReportReporter -->
<testsuite hostname="LAPTOP-7ISEF72N" failures="0" tests="6" name="runner.TestRunner" time="48.271" errors="0" timestamp="2025-03-08T11:21:58 IST" skipped="0">
  <testcase classname="runner.TestRunner" name="runScenario" time="10.342"/>
  <testcase classname="runner.TestRunner" name="runScenario" time="11.747"/>
  <testcase classname="runner.TestRunner" name="runScenario" time="5.341"/>
  <testcase classname="runner.TestRunner" name="runScenario" time="10.248"/>
  <testcase classname="runner.TestRunner" name="runScenario" time="5.307"/>
  <testcase classname="runner.TestRunner" name="runScenario" time="5.286"/>
</testsuite> <!-- runner.TestRunner -->
