<?xml version="1.0" encoding="UTF-8"?>
<!-- Generated by org.testng.reporters.JUnitReportReporter -->
<testsuite hostname="LAPTOP-7ISEF72N" failures="0" tests="6" name="runner.TestRunner" time="53.778" errors="0" timestamp="2025-03-08T15:42:32 IST" skipped="0">
  <testcase classname="runner.TestRunner" name="runScenario" time="6.967"/>
  <testcase classname="runner.TestRunner" name="runScenario" time="6.238"/>
  <testcase classname="runner.TestRunner" name="runScenario" time="8.122"/>
  <testcase classname="runner.TestRunner" name="runScenario" time="6.261"/>
  <testcase classname="runner.TestRunner" name="runScenario" time="14.243"/>
  <testcase classname="runner.TestRunner" name="runScenario" time="11.947"/>
</testsuite> <!-- runner.TestRunner -->
