<?xml version="1.0" encoding="UTF-8"?>
<!-- Generated by org.testng.reporters.JUnitReportReporter -->
<testsuite hostname="LAPTOP-7ISEF72N" failures="0" tests="6" name="runner.TestRunner" time="54.179" errors="0" timestamp="2025-03-09T12:09:16 IST" skipped="0">
  <testcase classname="runner.TestRunner" name="runScenario" time="9.834"/>
  <testcase classname="runner.TestRunner" name="runScenario" time="6.640"/>
  <testcase classname="runner.TestRunner" name="runScenario" time="5.844"/>
  <testcase classname="runner.TestRunner" name="runScenario" time="12.864"/>
  <testcase classname="runner.TestRunner" name="runScenario" time="6.081"/>
  <testcase classname="runner.TestRunner" name="runScenario" time="12.916"/>
</testsuite> <!-- runner.TestRunner -->
